<?xml version="1.0" encoding="UTF-8"?>
<!-- Generated by org.testng.reporters.JUnitXMLReporter -->
<testsuite ignored="0" hostname="Aldas-MacBook-Air.local" failures="0" tests="2" name="Authentication Tests" time="7.61" errors="0" timestamp="2026-08-03T15:59:41 WIB">
  <testcase classname="com.rizqifauzan.api.tests.AuthTests" name="testLoginUser_ValidCredentials_ShouldReturnToken" time="6.524"/>
  <testcase classname="com.rizqifauzan.api.tests.AuthTests" name="testRegisterUser_ValidData_ShouldReturnSuccess" time="1.054"/>
</testsuite> <!-- Authentication Tests -->
