<?xml version="1.0" encoding="UTF-8"?>
<!-- Generated by org.testng.reporters.JUnitXMLReporter -->
<testsuite ignored="0" hostname="Aldas-MacBook-Air.local" failures="0" tests="4" name="Siswa CRUD Tests" time="6.006" errors="0" timestamp="2026-08-03T15:59:47 WIB">
  <testcase classname="com.rizqifauzan.api.tests.SiswaTests" name="testCreateSiswa_ValidPayload_ShouldReturnCreated" time="1.688"/>
  <testcase classname="com.rizqifauzan.api.tests.SiswaTests" name="testGetSiswaById_ExistingId_ShouldReturnDetail" time="0.673"/>
  <testcase classname="com.rizqifauzan.api.tests.SiswaTests" name="testGetAllSiswa_ShouldReturnList" time="0.78"/>
  <testcase classname="com.rizqifauzan.api.tests.SiswaTests" name="testCreateSiswa_InvalidPayload_ShouldReturnBadRequest" time="0.477"/>
</testsuite> <!-- Siswa CRUD Tests -->
