<?xml version="1.0" encoding="UTF-8"?>
<testng-results ignored="0" total="6" passed="6" failed="0" skipped="0">
  <reporter-output>
  </reporter-output>
  <suite started-at="2026-08-03T15:59:33 WIB" name="API Automation Siswa Suite" finished-at="2026-08-03T15:59:47 WIB" duration-ms="13636">
    <groups>
    </groups>
    <test started-at="2026-08-03T15:59:33 WIB" name="Authentication Tests" finished-at="2026-08-03T15:59:41 WIB" duration-ms="7610">
      <class name="com.rizqifauzan.api.tests.AuthTests">
        <test-method is-config="true" signature="setupTestData()[pri:0, instance:com.rizqifauzan.api.tests.AuthTests@5ab9e72c]" started-at="2026-08-03T15:59:33 WIB" name="setupTestData" finished-at="2026-08-03T15:59:33 WIB" duration-ms="0" status="PASS">
          <reporter-output>
          </reporter-output>
        </test-method> <!-- setupTestData -->
        <test-method signature="testLoginUser_ValidCredentials_ShouldReturnToken()[pri:0, instance:com.rizqifauzan.api.tests.AuthTests@5ab9e72c]" started-at="2026-08-03T15:59:33 WIB" name="testLoginUser_ValidCredentials_ShouldReturnToken" description="Positive Test - Login dengan kredensial yang valid" finished-at="2026-08-03T15:59:40 WIB" duration-ms="6524" status="PASS">
          <reporter-output>
          </reporter-output>
        </test-method> <!-- testLoginUser_ValidCredentials_ShouldReturnToken -->
        <test-method signature="testRegisterUser_ValidData_ShouldReturnSuccess()[pri:0, instance:com.rizqifauzan.api.tests.AuthTests@5ab9e72c]" started-at="2026-08-03T15:59:40 WIB" name="testRegisterUser_ValidData_ShouldReturnSuccess" description="Positive Test - Register user baru dengan data valid" finished-at="2026-08-03T15:59:41 WIB" duration-ms="1054" status="PASS">
          <reporter-output>
          </reporter-output>
        </test-method> <!-- testRegisterUser_ValidData_ShouldReturnSuccess -->
      </class> <!-- com.rizqifauzan.api.tests.AuthTests -->
    </test> <!-- Authentication Tests -->
    <test started-at="2026-08-03T15:59:41 WIB" name="Siswa CRUD Tests" finished-at="2026-08-03T15:59:47 WIB" duration-ms="6006">
      <class name="com.rizqifauzan.api.tests.SiswaTests">
        <test-method is-config="true" signature="globalSetup()[pri:0, instance:com.rizqifauzan.api.tests.SiswaTests@3d1cfad4]" started-at="2026-08-03T15:59:33 WIB" name="globalSetup" finished-at="2026-08-03T15:59:33 WIB" duration-ms="142" status="PASS">
          <reporter-output>
          </reporter-output>
        </test-method> <!-- globalSetup -->
        <test-method is-config="true" signature="setupAuthenticatedUser()[pri:0, instance:com.rizqifauzan.api.tests.SiswaTests@3d1cfad4]" started-at="2026-08-03T15:59:41 WIB" name="setupAuthenticatedUser" finished-at="2026-08-03T15:59:43 WIB" duration-ms="2382" status="PASS">
          <reporter-output>
          </reporter-output>
        </test-method> <!-- setupAuthenticatedUser -->
        <test-method signature="testCreateSiswa_ValidPayload_ShouldReturnCreated()[pri:1, instance:com.rizqifauzan.api.tests.SiswaTests@3d1cfad4]" started-at="2026-08-03T15:59:43 WIB" name="testCreateSiswa_ValidPayload_ShouldReturnCreated" description="Positive Test - Membuat data siswa baru dengan payload valid" finished-at="2026-08-03T15:59:45 WIB" duration-ms="1688" status="PASS">
          <reporter-output>
          </reporter-output>
        </test-method> <!-- testCreateSiswa_ValidPayload_ShouldReturnCreated -->
        <test-method signature="testGetSiswaById_ExistingId_ShouldReturnDetail()[pri:2, instance:com.rizqifauzan.api.tests.SiswaTests@3d1cfad4]" started-at="2026-08-03T15:59:45 WIB" name="testGetSiswaById_ExistingId_ShouldReturnDetail" description="Positive Test - Mengambil detail siswa berdasarkan ID yang baru dibuat" finished-at="2026-08-03T15:59:46 WIB" depends-on-methods="com.rizqifauzan.api.tests.SiswaTests.testCreateSiswa_ValidPayload_ShouldReturnCreated" duration-ms="673" status="PASS">
          <reporter-output>
          </reporter-output>
        </test-method> <!-- testGetSiswaById_ExistingId_ShouldReturnDetail -->
        <test-method signature="testGetAllSiswa_ShouldReturnList()[pri:3, instance:com.rizqifauzan.api.tests.SiswaTests@3d1cfad4]" started-at="2026-08-03T15:59:46 WIB" name="testGetAllSiswa_ShouldReturnList" description="Positive Test - Mengambil daftar semua siswa" finished-at="2026-08-03T15:59:47 WIB" duration-ms="780" status="PASS">
          <reporter-output>
          </reporter-output>
        </test-method> <!-- testGetAllSiswa_ShouldReturnList -->
        <test-method signature="testCreateSiswa_InvalidPayload_ShouldReturnBadRequest()[pri:4, instance:com.rizqifauzan.api.tests.SiswaTests@3d1cfad4]" started-at="2026-08-03T15:59:47 WIB" name="testCreateSiswa_InvalidPayload_ShouldReturnBadRequest" description="Negative Test - Membuat siswa dengan field wajib kosong dan tipe data salah" finished-at="2026-08-03T15:59:47 WIB" duration-ms="477" status="PASS">
          <reporter-output>
          </reporter-output>
        </test-method> <!-- testCreateSiswa_InvalidPayload_ShouldReturnBadRequest -->
      </class> <!-- com.rizqifauzan.api.tests.SiswaTests -->
    </test> <!-- Siswa CRUD Tests -->
  </suite> <!-- API Automation Siswa Suite -->
</testng-results>
