<?xml version="1.0" encoding="UTF-8"?>
<!-- Generated by org.testng.reporters.JUnitReportReporter -->
<testsuite hostname="Aldas-MacBook-Air.local" failures="0" tests="2" name="com.rizqifauzan.api.tests.AuthTests" time="7.578" errors="0" timestamp="2026-08-03T15:59:47 WIB" skipped="0">
  <testcase classname="com.rizqifauzan.api.tests.AuthTests" name="testRegisterUser_ValidData_ShouldReturnSuccess" time="1.054"/>
  <testcase classname="com.rizqifauzan.api.tests.AuthTests" name="testLoginUser_ValidCredentials_ShouldReturnToken" time="6.524"/>
</testsuite> <!-- com.rizqifauzan.api.tests.AuthTests -->
